#
# A fatal error has been detected by the Java Runtime Environment:
#
#  Internal Error (javaClasses.cpp:136), pid=7582, tid=140364357003008
#  fatal error: Invalid layout of preloaded class
#
# JRE version:  (7.0_45-b18) (build )
# Java VM: Java HotSpot(TM) 64-Bit Server VM (24.45-b08 mixed mode linux-amd64 compressed oops)
# Failed to write core dump. Core dumps have been disabled. To enable core dumping, try "ulimit -c unlimited" before starting Java again
#
# If you would like to submit a bug report, please visit:
#   http://bugreport.sun.com/bugreport/crash.jsp
#

---------------  T H R E A D  ---------------

Current thread (0x00007fa91800a000):  JavaThread "Unknown thread" [_thread_in_vm, id=7583, stack(0x00007fa91f936000,0x00007fa91fa37000)]

Stack: [0x00007fa91f936000,0x00007fa91fa37000],  sp=0x00007fa91fa35780,  free space=1021k
Native frames: (J=compiled Java code, j=interpreted, Vv=VM code, C=native code)
V  [libjvm.so+0x992c8a]  VMError::report_and_die()+0x2ea
V  [libjvm.so+0x493559]  report_fatal(char const*, int, char const*)+0x59
V  [libjvm.so+0x5fdd00]  compute_offset(int&, klassOopDesc*, Symbol*, Symbol*, bool)+0x140
V  [libjvm.so+0x5fe819]  java_lang_String::compute_offsets()+0x39
V  [libjvm.so+0x918f55]  SystemDictionary::initialize_preloaded_classes(Thread*)+0x1a5
V  [libjvm.so+0x967c94]  Universe::genesis(Thread*)+0x494
V  [libjvm.so+0x968149]  universe2_init()+0x29
V  [libjvm.so+0x5a969d]  init_globals()+0xbd
V  [libjvm.so+0x94ed1d]  Threads::create_vm(JavaVMInitArgs*, bool*)+0x1ed
V  [libjvm.so+0x630804]  JNI_CreateJavaVM+0x74
C  [libjli.so+0x2f8e]  JavaMain+0x9e


---------------  P R O C E S S  ---------------

Java Threads: ( => current thread )

Other Threads:

=>0x00007fa91800a000 (exited) JavaThread "Unknown thread" [_thread_in_vm, id=7583, stack(0x00007fa91f936000,0x00007fa91fa37000)]

VM state:not at safepoint (not fully initialized)

VM Mutex/Monitor currently owned by a thread: None

GC Heap History (0 events):
No events

Deoptimization events (0 events):
No events

Internal exceptions (0 events):
No events

Events (10 events):
Event: 0.006 loading class 0x00007fa91c0c36f0 done
Event: 0.006 loading class 0x00007fa91c0c3110 done
Event: 0.006 loading class 0x00007fa91c0c30f0
Event: 0.006 loading class 0x00007fa91c0cb1f0
Event: 0.006 loading class 0x00007fa91c0cb1f0 done
Event: 0.006 loading class 0x00007fa91c0cb220
Event: 0.006 loading class 0x00007fa91c0cb220 done
Event: 0.006 loading class 0x00007fa91c0cb250
Event: 0.006 loading class 0x00007fa91c0cb250 done
Event: 0.007 loading class 0x00007fa91c0c30f0 done


Dynamic libraries:
00400000-00401000 r-xp 00000000 08:09 3670383                            /home/leo/tools/jdk1.7.0_45/bin/java
00600000-00601000 rw-p 00000000 08:09 3670383                            /home/leo/tools/jdk1.7.0_45/bin/java
01748000-01769000 rw-p 00000000 00:00 0                                  [heap]
77f800000-780d00000 rw-p 00000000 00:00 0 
780d00000-784a00000 rw-p 00000000 00:00 0 
784a00000-789c00000 rw-p 00000000 00:00 0 
789c00000-7d6e00000 rw-p 00000000 00:00 0 
7d6e00000-7d9780000 rw-p 00000000 00:00 0 
7d9780000-800000000 rw-p 00000000 00:00 0 
7fa8fc000000-7fa8fc021000 rw-p 00000000 00:00 0 
7fa8fc021000-7fa900000000 ---p 00000000 00:00 0 
7fa903fc0000-7fa908000000 rw-p 00000000 00:00 0 
7fa908000000-7fa908021000 rw-p 00000000 00:00 0 
7fa908021000-7fa90c000000 ---p 00000000 00:00 0 
7fa90c000000-7fa90c021000 rw-p 00000000 00:00 0 
7fa90c021000-7fa910000000 ---p 00000000 00:00 0 
7fa910000000-7fa910021000 rw-p 00000000 00:00 0 
7fa910021000-7fa914000000 ---p 00000000 00:00 0 
7fa9148e0000-7fa914b25000 rw-p 00000000 00:00 0 
7fa914b25000-7fa914bfc000 r--s 013fe000 08:09 4593804                    /home/leo/tools/android-sdk-linux/platforms/android-19/android.jar
7fa914bfc000-7fa915000000 rw-p 00000000 00:00 0 
7fa915000000-7fa915270000 rwxp 00000000 00:00 0 
7fa915270000-7fa918055000 rw-p 00000000 00:00 0 
7fa918055000-7fa91c000000 ---p 00000000 00:00 0 
7fa91c026000-7fa91c16f000 rw-p 00000000 00:00 0 
7fa91c16f000-7fa91c170000 ---p 00000000 00:00 0 
7fa91c170000-7fa91c270000 rw-p 00000000 00:00 0                          [stack:7587]
7fa91c270000-7fa91c271000 ---p 00000000 00:00 0 
7fa91c271000-7fa91c371000 rw-p 00000000 00:00 0                          [stack:7586]
7fa91c371000-7fa91c372000 ---p 00000000 00:00 0 
7fa91c372000-7fa91c472000 rw-p 00000000 00:00 0                          [stack:7585]
7fa91c472000-7fa91c473000 ---p 00000000 00:00 0 
7fa91c473000-7fa91c57e000 rw-p 00000000 00:00 0                          [stack:7584]
7fa91c57e000-7fa91c59c000 rw-p 00000000 00:00 0 
7fa91c59c000-7fa91c5c5000 rw-p 00000000 00:00 0 
7fa91c5c5000-7fa91c82e000 rw-p 00000000 00:00 0 
7fa91c82e000-7fa91c839000 rw-p 00000000 00:00 0 
7fa91c839000-7fa91c857000 rw-p 00000000 00:00 0 
7fa91c857000-7fa91c880000 rw-p 00000000 00:00 0 
7fa91c880000-7fa91cae9000 rw-p 00000000 00:00 0 
7fa91cae9000-7fa91cafe000 rw-p 00000000 00:00 0 
7fa91cafe000-7fa91cc32000 rw-p 00000000 00:00 0 
7fa91cc32000-7fa91cc33000 rw-p 00000000 00:00 0 
7fa91cc33000-7fa91cc4d000 r-xp 00000000 08:09 3671173                    /home/leo/tools/jdk1.7.0_45/jre/lib/amd64/libzip.so
7fa91cc4d000-7fa91ce4d000 ---p 0001a000 08:09 3671173                    /home/leo/tools/jdk1.7.0_45/jre/lib/amd64/libzip.so
7fa91ce4d000-7fa91ce4e000 rw-p 0001a000 08:09 3671173                    /home/leo/tools/jdk1.7.0_45/jre/lib/amd64/libzip.so
7fa91ce4e000-7fa91ce5a000 r-xp 00000000 08:09 3280853                    /lib/x86_64-linux-gnu/libnss_files-2.17.so
7fa91ce5a000-7fa91d059000 ---p 0000c000 08:09 3280853                    /lib/x86_64-linux-gnu/libnss_files-2.17.so
7fa91d059000-7fa91d05a000 r--p 0000b000 08:09 3280853                    /lib/x86_64-linux-gnu/libnss_files-2.17.so
7fa91d05a000-7fa91d05b000 rw-p 0000c000 08:09 3280853                    /lib/x86_64-linux-gnu/libnss_files-2.17.so
7fa91d05b000-7fa91d066000 r-xp 00000000 08:09 3280857                    /lib/x86_64-linux-gnu/libnss_nis-2.17.so
7fa91d066000-7fa91d265000 ---p 0000b000 08:09 3280857                    /lib/x86_64-linux-gnu/libnss_nis-2.17.so
7fa91d265000-7fa91d266000 r--p 0000a000 08:09 3280857                    /lib/x86_64-linux-gnu/libnss_nis-2.17.so
7fa91d266000-7fa91d267000 rw-p 0000b000 08:09 3280857                    /lib/x86_64-linux-gnu/libnss_nis-2.17.so
7fa91d267000-7fa91d27e000 r-xp 00000000 08:09 3280847                    /lib/x86_64-linux-gnu/libnsl-2.17.so
7fa91d27e000-7fa91d47d000 ---p 00017000 08:09 3280847                    /lib/x86_64-linux-gnu/libnsl-2.17.so
7fa91d47d000-7fa91d47e000 r--p 00016000 08:09 3280847                    /lib/x86_64-linux-gnu/libnsl-2.17.so
7fa91d47e000-7fa91d47f000 rw-p 00017000 08:09 3280847                    /lib/x86_64-linux-gnu/libnsl-2.17.so
7fa91d47f000-7fa91d481000 rw-p 00000000 00:00 0 
7fa91d481000-7fa91d489000 r-xp 00000000 08:09 3280849                    /lib/x86_64-linux-gnu/libnss_compat-2.17.so
7fa91d489000-7fa91d688000 ---p 00008000 08:09 3280849                    /lib/x86_64-linux-gnu/libnss_compat-2.17.so
7fa91d688000-7fa91d689000 r--p 00007000 08:09 3280849                    /lib/x86_64-linux-gnu/libnss_compat-2.17.so
7fa91d689000-7fa91d68a000 rw-p 00008000 08:09 3280849                    /lib/x86_64-linux-gnu/libnss_compat-2.17.so
7fa91d68a000-7fa91d6b3000 r-xp 00000000 08:09 3671164                    /home/leo/tools/jdk1.7.0_45/jre/lib/amd64/libjava.so
7fa91d6b3000-7fa91d8b3000 ---p 00029000 08:09 3671164                    /home/leo/tools/jdk1.7.0_45/jre/lib/amd64/libjava.so
7fa91d8b3000-7fa91d8b5000 rw-p 00029000 08:09 3671164                    /home/leo/tools/jdk1.7.0_45/jre/lib/amd64/libjava.so
7fa91d8b5000-7fa91d8c2000 r-xp 00000000 08:09 3671153                    /home/leo/tools/jdk1.7.0_45/jre/lib/amd64/libverify.so
7fa91d8c2000-7fa91dac1000 ---p 0000d000 08:09 3671153                    /home/leo/tools/jdk1.7.0_45/jre/lib/amd64/libverify.so
7fa91dac1000-7fa91dac3000 rw-p 0000c000 08:09 3671153                    /home/leo/tools/jdk1.7.0_45/jre/lib/amd64/libverify.so
7fa91dac3000-7fa91daca000 r-xp 00000000 08:09 3280900                    /lib/x86_64-linux-gnu/librt-2.17.so
7fa91daca000-7fa91dcc9000 ---p 00007000 08:09 3280900                    /lib/x86_64-linux-gnu/librt-2.17.so
7fa91dcc9000-7fa91dcca000 r--p 00006000 08:09 3280900                    /lib/x86_64-linux-gnu/librt-2.17.so
7fa91dcca000-7fa91dccb000 rw-p 00007000 08:09 3280900                    /lib/x86_64-linux-gnu/librt-2.17.so
7fa91dccb000-7fa91ddce000 r-xp 00000000 08:09 3280828                    /lib/x86_64-linux-gnu/libm-2.17.so
7fa91ddce000-7fa91dfcd000 ---p 00103000 08:09 3280828                    /lib/x86_64-linux-gnu/libm-2.17.so
7fa91dfcd000-7fa91dfce000 r--p 00102000 08:09 3280828                    /lib/x86_64-linux-gnu/libm-2.17.so
7fa91dfce000-7fa91dfcf000 rw-p 00103000 08:09 3280828                    /lib/x86_64-linux-gnu/libm-2.17.so
7fa91dfcf000-7fa91eb31000 r-xp 00000000 08:09 3671171                    /home/leo/tools/jdk1.7.0_45/jre/lib/amd64/server/libjvm.so
7fa91eb31000-7fa91ed31000 ---p 00b62000 08:09 3671171                    /home/leo/tools/jdk1.7.0_45/jre/lib/amd64/server/libjvm.so
7fa91ed31000-7fa91edf4000 rw-p 00b62000 08:09 3671171                    /home/leo/tools/jdk1.7.0_45/jre/lib/amd64/server/libjvm.so
7fa91edf4000-7fa91ee35000 rw-p 00000000 00:00 0 
7fa91ee35000-7fa91eff2000 r-xp 00000000 08:09 3280777                    /lib/x86_64-linux-gnu/libc-2.17.so
7fa91eff2000-7fa91f1f2000 ---p 001bd000 08:09 3280777                    /lib/x86_64-linux-gnu/libc-2.17.so
7fa91f1f2000-7fa91f1f6000 r--p 001bd000 08:09 3280777                    /lib/x86_64-linux-gnu/libc-2.17.so
7fa91f1f6000-7fa91f1f8000 rw-p 001c1000 08:09 3280777                    /lib/x86_64-linux-gnu/libc-2.17.so
7fa91f1f8000-7fa91f1fd000 rw-p 00000000 00:00 0 
7fa91f1fd000-7fa91f200000 r-xp 00000000 08:09 3280792                    /lib/x86_64-linux-gnu/libdl-2.17.so
7fa91f200000-7fa91f3ff000 ---p 00003000 08:09 3280792                    /lib/x86_64-linux-gnu/libdl-2.17.so
7fa91f3ff000-7fa91f400000 r--p 00002000 08:09 3280792                    /lib/x86_64-linux-gnu/libdl-2.17.so
7fa91f400000-7fa91f401000 rw-p 00003000 08:09 3280792                    /lib/x86_64-linux-gnu/libdl-2.17.so
7fa91f401000-7fa91f417000 r-xp 00000000 08:09 3550202                    /home/leo/tools/jdk1.7.0_45/lib/amd64/jli/libjli.so
7fa91f417000-7fa91f617000 ---p 00016000 08:09 3550202                    /home/leo/tools/jdk1.7.0_45/lib/amd64/jli/libjli.so
7fa91f617000-7fa91f618000 rw-p 00016000 08:09 3550202                    /home/leo/tools/jdk1.7.0_45/lib/amd64/jli/libjli.so
7fa91f618000-7fa91f62f000 r-xp 00000000 08:09 3280892                    /lib/x86_64-linux-gnu/libpthread-2.17.so
7fa91f62f000-7fa91f82f000 ---p 00017000 08:09 3280892                    /lib/x86_64-linux-gnu/libpthread-2.17.so
7fa91f82f000-7fa91f830000 r--p 00017000 08:09 3280892                    /lib/x86_64-linux-gnu/libpthread-2.17.so
7fa91f830000-7fa91f831000 rw-p 00018000 08:09 3280892                    /lib/x86_64-linux-gnu/libpthread-2.17.so
7fa91f831000-7fa91f835000 rw-p 00000000 00:00 0 
7fa91f835000-7fa91f858000 r-xp 00000000 08:09 3280753                    /lib/x86_64-linux-gnu/ld-2.17.so
7fa91f876000-7fa91f880000 rw-p 00000000 00:00 0 
7fa91f880000-7fa91f936000 rw-p 00000000 00:00 0 
7fa91f936000-7fa91f939000 ---p 00000000 00:00 0 
7fa91f939000-7fa91fa3b000 rw-p 00000000 00:00 0                          [stack:7583]
7fa91fa49000-7fa91fa4b000 rw-p 00000000 00:00 0 
7fa91fa4b000-7fa91fa53000 rw-s 00000000 08:09 1585430                    /tmp/hsperfdata_leo/7582
7fa91fa53000-7fa91fa54000 rw-p 00000000 00:00 0 
7fa91fa54000-7fa91fa55000 r--p 00000000 00:00 0 
7fa91fa55000-7fa91fa57000 rw-p 00000000 00:00 0 
7fa91fa57000-7fa91fa58000 r--p 00022000 08:09 3280753                    /lib/x86_64-linux-gnu/ld-2.17.so
7fa91fa58000-7fa91fa5a000 rw-p 00023000 08:09 3280753                    /lib/x86_64-linux-gnu/ld-2.17.so
7ffff6298000-7ffff62ba000 rw-p 00000000 00:00 0                          [stack]
7ffff63fe000-7ffff6400000 r-xp 00000000 00:00 0                          [vdso]
ffffffffff600000-ffffffffff601000 r-xp 00000000 00:00 0                  [vsyscall]

VM Arguments:
jvm_args: -Dfile.encoding=UTF-8 -Xbootclasspath:/home/leo/tools/android-sdk-linux/platforms/android-19/android.jar 
java_command: com.chessyoup.game.Util
Launcher Type: SUN_STANDARD

Environment Variables:
JAVA_HOME=/home/leo/tools/jdk1.7.0_45
PATH=/home/leo/tools/jdk1.7.0_45/bin:/home/leo/tools/jdk1.7.0_45/bin:/usr/lib/lightdm/lightdm:/usr/local/sbin:/usr/local/bin:/usr/sbin:/usr/bin:/sbin:/bin:/usr/games:/usr/local/games
SHELL=/bin/bash
DISPLAY=:0

Signal Handlers:
SIGSEGV: [libjvm.so+0x9935b0], sa_mask[0]=0x7ffbfeff, sa_flags=0x10000004
SIGBUS: [libjvm.so+0x9935b0], sa_mask[0]=0x7ffbfeff, sa_flags=0x10000004
SIGFPE: [libjvm.so+0x810330], sa_mask[0]=0x7ffbfeff, sa_flags=0x10000004
SIGPIPE: [libjvm.so+0x810330], sa_mask[0]=0x7ffbfeff, sa_flags=0x10000004
SIGXFSZ: [libjvm.so+0x810330], sa_mask[0]=0x7ffbfeff, sa_flags=0x10000004
SIGILL: [libjvm.so+0x810330], sa_mask[0]=0x7ffbfeff, sa_flags=0x10000004
SIGUSR1: SIG_DFL, sa_mask[0]=0x00000000, sa_flags=0x00000000
SIGUSR2: [libjvm.so+0x811820], sa_mask[0]=0x00000004, sa_flags=0x10000004
SIGHUP: SIG_DFL, sa_mask[0]=0x00000000, sa_flags=0x00000000
SIGINT: SIG_DFL, sa_mask[0]=0x00000000, sa_flags=0x00000000
SIGTERM: SIG_DFL, sa_mask[0]=0x00000000, sa_flags=0x00000000
SIGQUIT: SIG_DFL, sa_mask[0]=0x00000000, sa_flags=0x00000000


---------------  S Y S T E M  ---------------

OS:wheezy/sid

uname:Linux 3.11.0-15-generic #25-Ubuntu SMP Thu Jan 30 17:22:01 UTC 2014 x86_64
libc:glibc 2.17 NPTL 2.17 
rlimit: STACK 8192k, CORE 0k, NPROC 62984, NOFILE 4096, AS infinity
load average:0.25 0.33 0.39

/proc/meminfo:
MemTotal:        8082288 kB
MemFree:         2463536 kB
Buffers:          161164 kB
Cached:          2191448 kB
SwapCached:            0 kB
Active:          2487856 kB
Inactive:        1762600 kB
Active(anon):    1901596 kB
Inactive(anon):  1013124 kB
Active(file):     586260 kB
Inactive(file):   749476 kB
Unevictable:          84 kB
Mlocked:              84 kB
SwapTotal:       8291324 kB
SwapFree:        8291324 kB
Dirty:               408 kB
Writeback:             0 kB
AnonPages:       1898936 kB
Mapped:          1476888 kB
Shmem:           1016404 kB
Slab:             138104 kB
SReclaimable:      92752 kB
SUnreclaim:        45352 kB
KernelStack:        5024 kB
PageTables:        53108 kB
NFS_Unstable:          0 kB
Bounce:                0 kB
WritebackTmp:          0 kB
CommitLimit:    12332468 kB
Committed_AS:    8700564 kB
VmallocTotal:   34359738367 kB
VmallocUsed:      361896 kB
VmallocChunk:   34359373124 kB
HardwareCorrupted:     0 kB
AnonHugePages:         0 kB
HugePages_Total:       0
HugePages_Free:        0
HugePages_Rsvd:        0
HugePages_Surp:        0
Hugepagesize:       2048 kB
DirectMap4k:       57160 kB
DirectMap2M:     8237056 kB


CPU:total 4 (4 cores per cpu, 1 threads per core) family 6 model 42 stepping 7, cmov, cx8, fxsr, mmx, sse, sse2, sse3, ssse3, sse4.1, sse4.2, popcnt, avx, aes, tsc, tscinvbit

/proc/cpuinfo:
processor	: 0
vendor_id	: GenuineIntel
cpu family	: 6
model		: 42
model name	: Intel(R) Core(TM) i5-2500 CPU @ 3.30GHz
stepping	: 7
microcode	: 0x14
cpu MHz		: 3301.000
cache size	: 6144 KB
physical id	: 0
siblings	: 4
core id		: 0
cpu cores	: 4
apicid		: 0
initial apicid	: 0
fpu		: yes
fpu_exception	: yes
cpuid level	: 13
wp		: yes
flags		: fpu vme de pse tsc msr pae mce cx8 apic sep mtrr pge mca cmov pat pse36 clflush dts acpi mmx fxsr sse sse2 ss ht tm pbe syscall nx rdtscp lm constant_tsc arch_perfmon pebs bts rep_good nopl xtopology nonstop_tsc aperfmperf eagerfpu pni pclmulqdq dtes64 monitor ds_cpl vmx smx est tm2 ssse3 cx16 xtpr pdcm pcid sse4_1 sse4_2 x2apic popcnt tsc_deadline_timer aes xsave avx lahf_lm ida arat epb xsaveopt pln pts dtherm tpr_shadow vnmi flexpriority ept vpid
bogomips	: 6584.84
clflush size	: 64
cache_alignment	: 64
address sizes	: 36 bits physical, 48 bits virtual
power management:

processor	: 1
vendor_id	: GenuineIntel
cpu family	: 6
model		: 42
model name	: Intel(R) Core(TM) i5-2500 CPU @ 3.30GHz
stepping	: 7
microcode	: 0x14
cpu MHz		: 3301.000
cache size	: 6144 KB
physical id	: 0
siblings	: 4
core id		: 1
cpu cores	: 4
apicid		: 2
initial apicid	: 2
fpu		: yes
fpu_exception	: yes
cpuid level	: 13
wp		: yes
flags		: fpu vme de pse tsc msr pae mce cx8 apic sep mtrr pge mca cmov pat pse36 clflush dts acpi mmx fxsr sse sse2 ss ht tm pbe syscall nx rdtscp lm constant_tsc arch_perfmon pebs bts rep_good nopl xtopology nonstop_tsc aperfmperf eagerfpu pni pclmulqdq dtes64 monitor ds_cpl vmx smx est tm2 ssse3 cx16 xtpr pdcm pcid sse4_1 sse4_2 x2apic popcnt tsc_deadline_timer aes xsave avx lahf_lm ida arat epb xsaveopt pln pts dtherm tpr_shadow vnmi flexpriority ept vpid
bogomips	: 6584.84
clflush size	: 64
cache_alignment	: 64
address sizes	: 36 bits physical, 48 bits virtual
power management:

processor	: 2
vendor_id	: GenuineIntel
cpu family	: 6
model		: 42
model name	: Intel(R) Core(TM) i5-2500 CPU @ 3.30GHz
stepping	: 7
microcode	: 0x14
cpu MHz		: 1600.000
cache size	: 6144 KB
physical id	: 0
siblings	: 4
core id		: 2
cpu cores	: 4
apicid		: 4
initial apicid	: 4
fpu		: yes
fpu_exception	: yes
cpuid level	: 13
wp		: yes
flags		: fpu vme de pse tsc msr pae mce cx8 apic sep mtrr pge mca cmov pat pse36 clflush dts acpi mmx fxsr sse sse2 ss ht tm pbe syscall nx rdtscp lm constant_tsc arch_perfmon pebs bts rep_good nopl xtopology nonstop_tsc aperfmperf eagerfpu pni pclmulqdq dtes64 monitor ds_cpl vmx smx est tm2 ssse3 cx16 xtpr pdcm pcid sse4_1 sse4_2 x2apic popcnt tsc_deadline_timer aes xsave avx lahf_lm ida arat epb xsaveopt pln pts dtherm tpr_shadow vnmi flexpriority ept vpid
bogomips	: 6584.84
clflush size	: 64
cache_alignment	: 64
address sizes	: 36 bits physical, 48 bits virtual
power management:

processor	: 3
vendor_id	: GenuineIntel
cpu family	: 6
model		: 42
model name	: Intel(R) Core(TM) i5-2500 CPU @ 3.30GHz
stepping	: 7
microcode	: 0x14
cpu MHz		: 3301.000
cache size	: 6144 KB
physical id	: 0
siblings	: 4
core id		: 3
cpu cores	: 4
apicid		: 6
initial apicid	: 6
fpu		: yes
fpu_exception	: yes
cpuid level	: 13
wp		: yes
flags		: fpu vme de pse tsc msr pae mce cx8 apic sep mtrr pge mca cmov pat pse36 clflush dts acpi mmx fxsr sse sse2 ss ht tm pbe syscall nx rdtscp lm constant_tsc arch_perfmon pebs bts rep_good nopl xtopology nonstop_tsc aperfmperf eagerfpu pni pclmulqdq dtes64 monitor ds_cpl vmx smx est tm2 ssse3 cx16 xtpr pdcm pcid sse4_1 sse4_2 x2apic popcnt tsc_deadline_timer aes xsave avx lahf_lm ida arat epb xsaveopt pln pts dtherm tpr_shadow vnmi flexpriority ept vpid
bogomips	: 6584.84
clflush size	: 64
cache_alignment	: 64
address sizes	: 36 bits physical, 48 bits virtual
power management:



Memory: 4k page, physical 8082288k(2463536k free), swap 8291324k(8291324k free)

vm_info: Java HotSpot(TM) 64-Bit Server VM (24.45-b08) for linux-amd64 JRE (1.7.0_45-b18), built on Oct  8 2013 05:44:25 by "java_re" with gcc 4.3.0 20080428 (Red Hat 4.3.0-8)

time: Thu Feb  6 18:17:06 2014
elapsed time: 0 seconds

